Using pre-set license
Built from '2021.3/staging' branch; Version is '2021.3.7f1 (24e8595d6d43) revision 2418777'; Using compiler version '192829333'; Build Type 'Release'
OS: 'Windows 10  (10.0.19045) 64bit Core' Language: 'ru' Physical Memory: 16318 MB
BatchMode: 1, IsHumanControllingUs: 0, StartBugReporterOnCrash: 0, Is64bit: 1, IsPro: 1

COMMAND LINE ARGUMENTS:
C:\Program Files\Unity\Hub\Editor\2021.3.7f1\Editor\Unity.exe
-adb2
-batchMode
-noUpm
-name
AssetImportWorker0
-projectPath
C:/Users/skyma/LiminalHalls
-logFile
Logs/AssetImportWorker0.log
-srvPort
63635
Successfully changed project path to: C:/Users/skyma/LiminalHalls
C:/Users/skyma/LiminalHalls
[UnityMemory] Configuration Parameters - Can be set up in boot.config
    "memorysetup-bucket-allocator-granularity=16"
    "memorysetup-bucket-allocator-bucket-count=8"
    "memorysetup-bucket-allocator-block-size=33554432"
    "memorysetup-bucket-allocator-block-count=8"
    "memorysetup-main-allocator-block-size=16777216"
    "memorysetup-thread-allocator-block-size=16777216"
    "memorysetup-gfx-main-allocator-block-size=16777216"
    "memorysetup-gfx-thread-allocator-block-size=16777216"
    "memorysetup-cache-allocator-block-size=4194304"
    "memorysetup-typetree-allocator-block-size=2097152"
    "memorysetup-profiler-bucket-allocator-granularity=16"
    "memorysetup-profiler-bucket-allocator-bucket-count=8"
    "memorysetup-profiler-bucket-allocator-block-size=33554432"
    "memorysetup-profiler-bucket-allocator-block-count=8"
    "memorysetup-profiler-allocator-block-size=16777216"
    "memorysetup-profiler-editor-allocator-block-size=1048576"
    "memorysetup-temp-allocator-size-main=16777216"
    "memorysetup-job-temp-allocator-block-size=2097152"
    "memorysetup-job-temp-allocator-block-size-background=1048576"
    "memorysetup-job-temp-allocator-reduction-small-platforms=262144"
    "memorysetup-temp-allocator-size-background-worker=32768"
    "memorysetup-temp-allocator-size-job-worker=262144"
    "memorysetup-temp-allocator-size-preload-manager=33554432"
    "memorysetup-temp-allocator-size-nav-mesh-worker=65536"
    "memorysetup-temp-allocator-size-audio-worker=65536"
    "memorysetup-temp-allocator-size-cloud-worker=32768"
    "memorysetup-temp-allocator-size-gi-baking-worker=262144"
    "memorysetup-temp-allocator-size-gfx=262144"
Refreshing native plugins compatible for Editor in 98.51 ms, found 3 plugins.
Preloading 0 native plugins for Editor in 0.00 ms.
Initialize engine version: 2021.3.7f1 (24e8595d6d43)
[Subsystems] Discovering subsystems at path C:/Program Files/Unity/Hub/Editor/2021.3.7f1/Editor/Data/Resources/UnitySubsystems
[Subsystems] Discovering subsystems at path C:/Users/skyma/LiminalHalls/Assets
GfxDevice: creating device client; threaded=0; jobified=0
Direct3D:
    Version:  Direct3D 11.0 [level 11.1]
    Renderer: NVIDIA GeForce GTX 1050 Ti (ID=0x1c82)
    Vendor:   NVIDIA
    VRAM:     4017 MB
    Driver:   31.0.15.3640
Initialize mono
Mono path[0] = 'C:/Program Files/Unity/Hub/Editor/2021.3.7f1/Editor/Data/Managed'
Mono path[1] = 'C:/Program Files/Unity/Hub/Editor/2021.3.7f1/Editor/Data/MonoBleedingEdge/lib/mono/unityjit-win32'
Mono config path = 'C:/Program Files/Unity/Hub/Editor/2021.3.7f1/Editor/Data/MonoBleedingEdge/etc'
Using monoOptions --debugger-agent=transport=dt_socket,embedding=1,server=y,suspend=n,address=127.0.0.1:56988
Begin MonoManager ReloadAssembly
Registering precompiled unity dll's ...
Register platform support module: C:/Program Files/Unity/Hub/Editor/2021.3.7f1/Editor/Data/PlaybackEngines/WindowsStandaloneSupport/UnityEditor.WindowsStandalone.Extensions.dll
Registered in 0.011602 seconds.
Native extension for WindowsStandalone target not found
Refreshing native plugins compatible for Editor in 91.05 ms, found 3 plugins.
Preloading 0 native plugins for Editor in 0.00 ms.
Mono: successfully reloaded assembly
- Completed reload, in  0.798 seconds
Domain Reload Profiling:
	ReloadAssembly (799ms)
		BeginReloadAssembly (99ms)
			ExecutionOrderSort (0ms)
			DisableScriptedObjects (0ms)
			BackupInstance (0ms)
			ReleaseScriptingObjects (0ms)
			CreateAndSetChildDomain (1ms)
		EndReloadAssembly (552ms)
			LoadAssemblies (95ms)
			RebuildTransferFunctionScriptingTraits (0ms)
			SetupTypeCache (124ms)
			ReleaseScriptCaches (0ms)
			RebuildScriptCaches (32ms)
			SetupLoadedEditorAssemblies (334ms)
				LogAssemblyErrors (0ms)
				InitializePlatformSupportModulesInManaged (11ms)
				SetLoadedEditorAssemblies (0ms)
				RefreshPlugins (91ms)
				BeforeProcessingInitializeOnLoad (1ms)
				ProcessInitializeOnLoadAttributes (160ms)
				ProcessInitializeOnLoadMethodAttributes (71ms)
				AfterProcessingInitializeOnLoad (0ms)
				EditorAssembliesLoaded (0ms)
			ExecutionOrderSort2 (0ms)
			AwakeInstancesAfterBackupRestoration (0ms)
Platform modules already initialized, skipping
Registering precompiled user dll's ...
Registered in 0.008135 seconds.
Begin MonoManager ReloadAssembly
Native extension for WindowsStandalone target not found
Refreshing native plugins compatible for Editor in 1.06 ms, found 3 plugins.
Preloading 0 native plugins for Editor in 0.00 ms.
Mono: successfully reloaded assembly
- Completed reload, in  1.330 seconds
Domain Reload Profiling:
	ReloadAssembly (1331ms)
		BeginReloadAssembly (132ms)
			ExecutionOrderSort (0ms)
			DisableScriptedObjects (7ms)
			BackupInstance (0ms)
			ReleaseScriptingObjects (0ms)
			CreateAndSetChildDomain (21ms)
		EndReloadAssembly (1063ms)
			LoadAssemblies (112ms)
			RebuildTransferFunctionScriptingTraits (0ms)
			SetupTypeCache (357ms)
			ReleaseScriptCaches (1ms)
			RebuildScriptCaches (73ms)
			SetupLoadedEditorAssemblies (469ms)
				LogAssemblyErrors (0ms)
				InitializePlatformSupportModulesInManaged (7ms)
				SetLoadedEditorAssemblies (1ms)
				RefreshPlugins (1ms)
				BeforeProcessingInitializeOnLoad (117ms)
				ProcessInitializeOnLoadAttributes (310ms)
				ProcessInitializeOnLoadMethodAttributes (19ms)
				AfterProcessingInitializeOnLoad (14ms)
				EditorAssembliesLoaded (0ms)
			ExecutionOrderSort2 (0ms)
			AwakeInstancesAfterBackupRestoration (9ms)
Platform modules already initialized, skipping
========================================================================
Worker process is ready to serve import requests
Failed to load shader (instanceID 516, GUID 14eb328de4b8eb245bb7cea29e4ac00b)
Failed to load shader (instanceID 518, GUID 68e6db2ebdc24f95958faec2be5558d6)
Failed to load shader (instanceID 520, GUID bc1ede39bf3643ee8e493720e4259791)
Failed to load shader (instanceID 510, GUID fe393ace9b354375a9cb14cdbbc28be4)
Failed to load shader (instanceID 512, GUID cf81c85f95fe47e1a27f6ae460cf182c)
Failed to load shader (instanceID 534, GUID f7ada0af4f174f0694ca6a487b8f543d)
Failed to load shader (instanceID 526, GUID 128e987d567d4e2c824d754223b3f3b0)
Failed to load shader (instanceID 532, GUID c8d12adcee749c344b8117cf7c7eb912)
Failed to load shader (instanceID 514, GUID dd89cf5b9246416f84610a006f916af7)
Failed to load shader (instanceID 522, GUID 48bb5f55d8670e349b6e614913f9d910)
Failed to load shader (instanceID 524, GUID 85187c2149c549c5b33f0cdb02836b17)
Failed to load shader (instanceID 530, GUID a02a7d8c237544f1962732b55a9aebf1)
Failed to load shader (instanceID 528, GUID 1e3b057af24249748ff873be7fafee47)
Launched and connected shader compiler UnityShaderCompiler.exe after 0.07 seconds
Refreshing native plugins compatible for Editor in 0.73 ms, found 3 plugins.
Preloading 0 native plugins for Editor in 0.00 ms.
Unloading 3590 Unused Serialized files (Serialized files now loaded: 0)
Unloading 35 unused Assets / (1.3 MB). Loaded Objects now: 4062.
Memory consumption went from 149.4 MB to 148.1 MB.
Total: 4.683800 ms (FindLiveObjects: 0.449000 ms CreateObjectMapping: 0.712900 ms MarkObjects: 3.049300 ms  DeleteObjects: 0.471500 ms)

AssetImportParameters requested are different than current active one (requested -> active):
  custom:video-decoder-ogg-theora: a1e56fd34408186e4bbccfd4996cb3dc -> 
  custom:container-muxer-webm: aa71ff27fc2769a1b78a27578f13a17b -> 
  custom:container-demuxer-webm: 4f35f7cbe854078d1ac9338744f61a02 -> 
  custom:video-encoder-webm-vp8: eb34c28f22e8b96e1ab97ce403110664 -> 
  custom:audio-encoder-webm-vorbis: bf7c407c2cedff20999df2af8eb42d56 -> 
  custom:framework-win-MediaFoundation: 216162199b28c13a410421893ffa2e32 -> 
  custom:container-demuxer-ogg: 62fdf1f143b41e24485cea50d1cbac27 -> 
  custom:video-decoder-webm-vp8: 9c59270c3fd7afecdb556c50c9e8de78 -> 
  custom:audio-decoder-ogg-vorbis: bf7c407c2cedff20999df2af8eb42d56 -> 
========================================================================
Received Import Request.
  Time since last request: 268652.211086 seconds.
  path: Assets/materials/New Material 5.mat
  artifactKey: Guid(f799d6e5572d8204ca451593e9d2db31) Importer(815301076,1909f56bfc062723c751e8b465ee728b)
Start importing Assets/materials/New Material 5.mat using Guid(f799d6e5572d8204ca451593e9d2db31) Importer(815301076,1909f56bfc062723c751e8b465ee728b)  -> (artifact id: '27bccee44b225bebdabb088f9ab0b2dd') in 0.349409 seconds 
========================================================================
Received Prepare
Registering precompiled user dll's ...
Registered in 0.006874 seconds.
Begin MonoManager ReloadAssembly
Native extension for WindowsStandalone target not found
Refreshing native plugins compatible for Editor in 2.03 ms, found 3 plugins.
Preloading 0 native plugins for Editor in 0.00 ms.
Mono: successfully reloaded assembly
- Completed reload, in  1.625 seconds
Domain Reload Profiling:
	ReloadAssembly (1626ms)
		BeginReloadAssembly (156ms)
			ExecutionOrderSort (0ms)
			DisableScriptedObjects (4ms)
			BackupInstance (0ms)
			ReleaseScriptingObjects (0ms)
			CreateAndSetChildDomain (39ms)
		EndReloadAssembly (1330ms)
			LoadAssemblies (125ms)
			RebuildTransferFunctionScriptingTraits (0ms)
			SetupTypeCache (447ms)
			ReleaseScriptCaches (4ms)
			RebuildScriptCaches (68ms)
			SetupLoadedEditorAssemblies (597ms)
				LogAssemblyErrors (0ms)
				InitializePlatformSupportModulesInManaged (20ms)
				SetLoadedEditorAssemblies (1ms)
				RefreshPlugins (2ms)
				BeforeProcessingInitializeOnLoad (108ms)
				ProcessInitializeOnLoadAttributes (416ms)
				ProcessInitializeOnLoadMethodAttributes (30ms)
				AfterProcessingInitializeOnLoad (19ms)
				EditorAssembliesLoaded (0ms)
			ExecutionOrderSort2 (0ms)
			AwakeInstancesAfterBackupRestoration (9ms)
Platform modules already initialized, skipping
Failed to load shader (instanceID 516, GUID 14eb328de4b8eb245bb7cea29e4ac00b)
Failed to load shader (instanceID 518, GUID 68e6db2ebdc24f95958faec2be5558d6)
Failed to load shader (instanceID 520, GUID bc1ede39bf3643ee8e493720e4259791)
Failed to load shader (instanceID 510, GUID fe393ace9b354375a9cb14cdbbc28be4)
Failed to load shader (instanceID 512, GUID cf81c85f95fe47e1a27f6ae460cf182c)
Failed to load shader (instanceID 534, GUID f7ada0af4f174f0694ca6a487b8f543d)
Failed to load shader (instanceID 526, GUID 128e987d567d4e2c824d754223b3f3b0)
Failed to load shader (instanceID 532, GUID c8d12adcee749c344b8117cf7c7eb912)
Failed to load shader (instanceID 514, GUID dd89cf5b9246416f84610a006f916af7)
Failed to load shader (instanceID 522, GUID 48bb5f55d8670e349b6e614913f9d910)
Failed to load shader (instanceID 524, GUID 85187c2149c549c5b33f0cdb02836b17)
Failed to load shader (instanceID 530, GUID a02a7d8c237544f1962732b55a9aebf1)
Failed to load shader (instanceID 528, GUID 1e3b057af24249748ff873be7fafee47)
Refreshing native plugins compatible for Editor in 2.12 ms, found 3 plugins.
Preloading 0 native plugins for Editor in 0.00 ms.
Unloading 3536 Unused Serialized files (Serialized files now loaded: 0)
Unloading 28 unused Assets / (1.3 MB). Loaded Objects now: 4104.
Memory consumption went from 148.8 MB to 147.5 MB.
Total: 3.776600 ms (FindLiveObjects: 0.325200 ms CreateObjectMapping: 0.269300 ms MarkObjects: 2.802300 ms  DeleteObjects: 0.378900 ms)

AssetImportParameters requested are different than current active one (requested -> active):
  custom:video-decoder-ogg-theora: a1e56fd34408186e4bbccfd4996cb3dc -> 
  custom:container-muxer-webm: aa71ff27fc2769a1b78a27578f13a17b -> 
  custom:container-demuxer-webm: 4f35f7cbe854078d1ac9338744f61a02 -> 
  custom:video-encoder-webm-vp8: eb34c28f22e8b96e1ab97ce403110664 -> 
  custom:audio-encoder-webm-vorbis: bf7c407c2cedff20999df2af8eb42d56 -> 
  custom:framework-win-MediaFoundation: 216162199b28c13a410421893ffa2e32 -> 
  custom:container-demuxer-ogg: 62fdf1f143b41e24485cea50d1cbac27 -> 
  custom:video-decoder-webm-vp8: 9c59270c3fd7afecdb556c50c9e8de78 -> 
  custom:audio-decoder-ogg-vorbis: bf7c407c2cedff20999df2af8eb42d56 -> 
========================================================================
Received Prepare
Registering precompiled user dll's ...
Registered in 0.006353 seconds.
Begin MonoManager ReloadAssembly
Native extension for WindowsStandalone target not found
Refreshing native plugins compatible for Editor in 0.70 ms, found 3 plugins.
Preloading 0 native plugins for Editor in 0.00 ms.
Mono: successfully reloaded assembly
- Completed reload, in  1.176 seconds
Domain Reload Profiling:
	ReloadAssembly (1176ms)
		BeginReloadAssembly (159ms)
			ExecutionOrderSort (0ms)
			DisableScriptedObjects (5ms)
			BackupInstance (0ms)
			ReleaseScriptingObjects (0ms)
			CreateAndSetChildDomain (46ms)
		EndReloadAssembly (909ms)
			LoadAssemblies (101ms)
			RebuildTransferFunctionScriptingTraits (0ms)
			SetupTypeCache (313ms)
			ReleaseScriptCaches (1ms)
			RebuildScriptCaches (60ms)
			SetupLoadedEditorAssemblies (384ms)
				LogAssemblyErrors (0ms)
				InitializePlatformSupportModulesInManaged (15ms)
				SetLoadedEditorAssemblies (1ms)
				RefreshPlugins (1ms)
				BeforeProcessingInitializeOnLoad (83ms)
				ProcessInitializeOnLoadAttributes (256ms)
				ProcessInitializeOnLoadMethodAttributes (17ms)
				AfterProcessingInitializeOnLoad (12ms)
				EditorAssembliesLoaded (0ms)
			ExecutionOrderSort2 (0ms)
			AwakeInstancesAfterBackupRestoration (7ms)
Platform modules already initialized, skipping
Failed to load shader (instanceID 516, GUID 14eb328de4b8eb245bb7cea29e4ac00b)
Failed to load shader (instanceID 518, GUID 68e6db2ebdc24f95958faec2be5558d6)
Failed to load shader (instanceID 520, GUID bc1ede39bf3643ee8e493720e4259791)
Failed to load shader (instanceID 510, GUID fe393ace9b354375a9cb14cdbbc28be4)
Failed to load shader (instanceID 512, GUID cf81c85f95fe47e1a27f6ae460cf182c)
Failed to load shader (instanceID 534, GUID f7ada0af4f174f0694ca6a487b8f543d)
Failed to load shader (instanceID 526, GUID 128e987d567d4e2c824d754223b3f3b0)
Failed to load shader (instanceID 532, GUID c8d12adcee749c344b8117cf7c7eb912)
Failed to load shader (instanceID 514, GUID dd89cf5b9246416f84610a006f916af7)
Failed to load shader (instanceID 522, GUID 48bb5f55d8670e349b6e614913f9d910)
Failed to load shader (instanceID 524, GUID 85187c2149c549c5b33f0cdb02836b17)
Failed to load shader (instanceID 530, GUID a02a7d8c237544f1962732b55a9aebf1)
Failed to load shader (instanceID 528, GUID 1e3b057af24249748ff873be7fafee47)
Refreshing native plugins compatible for Editor in 2.36 ms, found 3 plugins.
Preloading 0 native plugins for Editor in 0.00 ms.
Unloading 3536 Unused Serialized files (Serialized files now loaded: 0)
Unloading 28 unused Assets / (1.3 MB). Loaded Objects now: 4107.
Memory consumption went from 148.8 MB to 147.5 MB.
Total: 3.550700 ms (FindLiveObjects: 0.350500 ms CreateObjectMapping: 0.210300 ms MarkObjects: 2.689300 ms  DeleteObjects: 0.299500 ms)

AssetImportParameters requested are different than current active one (requested -> active):
  custom:video-decoder-ogg-theora: a1e56fd34408186e4bbccfd4996cb3dc -> 
  custom:container-muxer-webm: aa71ff27fc2769a1b78a27578f13a17b -> 
  custom:container-demuxer-webm: 4f35f7cbe854078d1ac9338744f61a02 -> 
  custom:video-encoder-webm-vp8: eb34c28f22e8b96e1ab97ce403110664 -> 
  custom:audio-encoder-webm-vorbis: bf7c407c2cedff20999df2af8eb42d56 -> 
  custom:framework-win-MediaFoundation: 216162199b28c13a410421893ffa2e32 -> 
  custom:container-demuxer-ogg: 62fdf1f143b41e24485cea50d1cbac27 -> 
  custom:video-decoder-webm-vp8: 9c59270c3fd7afecdb556c50c9e8de78 -> 
  custom:audio-decoder-ogg-vorbis: bf7c407c2cedff20999df2af8eb42d56 -> 
========================================================================
Received Import Request.
  Time since last request: 1205.908653 seconds.
  path: Assets/SampleScene.unity
  artifactKey: Guid(9fc0d4010bbf28b4594072e72b8655ab) Importer(815301076,1909f56bfc062723c751e8b465ee728b)
Start importing Assets/SampleScene.unity using Guid(9fc0d4010bbf28b4594072e72b8655ab) Importer(815301076,1909f56bfc062723c751e8b465ee728b)  -> (artifact id: '57270085c688fe20b3317d3231e0cf8f') in 0.012864 seconds 
========================================================================
Received Import Request.
  Time since last request: 32.119325 seconds.
  path: Assets/scripts
  artifactKey: Guid(ad9ac433b51c8294cabd0fa77e25fdde) Importer(815301076,1909f56bfc062723c751e8b465ee728b)
Start importing Assets/scripts using Guid(ad9ac433b51c8294cabd0fa77e25fdde) Importer(815301076,1909f56bfc062723c751e8b465ee728b)  -> (artifact id: 'ba3c52853b17f8852cc676f7ae816ba8') in 0.009226 seconds 
========================================================================
Received Prepare
Registering precompiled user dll's ...
Registered in 0.007591 seconds.
Begin MonoManager ReloadAssembly
Native extension for WindowsStandalone target not found
Refreshing native plugins compatible for Editor in 0.60 ms, found 3 plugins.
Preloading 0 native plugins for Editor in 0.00 ms.
Mono: successfully reloaded assembly
- Completed reload, in  1.377 seconds
Domain Reload Profiling:
	ReloadAssembly (1378ms)
		BeginReloadAssembly (148ms)
			ExecutionOrderSort (0ms)
			DisableScriptedObjects (5ms)
			BackupInstance (0ms)
			ReleaseScriptingObjects (0ms)
			CreateAndSetChildDomain (36ms)
		EndReloadAssembly (1081ms)
			LoadAssemblies (108ms)
			RebuildTransferFunctionScriptingTraits (0ms)
			SetupTypeCache (430ms)
			ReleaseScriptCaches (2ms)
			RebuildScriptCaches (53ms)
			SetupLoadedEditorAssemblies (428ms)
				LogAssemblyErrors (0ms)
				InitializePlatformSupportModulesInManaged (15ms)
				SetLoadedEditorAssemblies (0ms)
				RefreshPlugins (1ms)
				BeforeProcessingInitializeOnLoad (79ms)
				ProcessInitializeOnLoadAttributes (303ms)
				ProcessInitializeOnLoadMethodAttributes (19ms)
				AfterProcessingInitializeOnLoad (12ms)
				EditorAssembliesLoaded (0ms)
			ExecutionOrderSort2 (0ms)
			AwakeInstancesAfterBackupRestoration (7ms)
Platform modules already initialized, skipping
Failed to load shader (instanceID 516, GUID 14eb328de4b8eb245bb7cea29e4ac00b)
Failed to load shader (instanceID 518, GUID 68e6db2ebdc24f95958faec2be5558d6)
Failed to load shader (instanceID 520, GUID bc1ede39bf3643ee8e493720e4259791)
Failed to load shader (instanceID 510, GUID fe393ace9b354375a9cb14cdbbc28be4)
Failed to load shader (instanceID 512, GUID cf81c85f95fe47e1a27f6ae460cf182c)
Failed to load shader (instanceID 534, GUID f7ada0af4f174f0694ca6a487b8f543d)
Failed to load shader (instanceID 526, GUID 128e987d567d4e2c824d754223b3f3b0)
Failed to load shader (instanceID 532, GUID c8d12adcee749c344b8117cf7c7eb912)
Failed to load shader (instanceID 514, GUID dd89cf5b9246416f84610a006f916af7)
Failed to load shader (instanceID 522, GUID 48bb5f55d8670e349b6e614913f9d910)
Failed to load shader (instanceID 524, GUID 85187c2149c549c5b33f0cdb02836b17)
Failed to load shader (instanceID 530, GUID a02a7d8c237544f1962732b55a9aebf1)
Failed to load shader (instanceID 528, GUID 1e3b057af24249748ff873be7fafee47)
Refreshing native plugins compatible for Editor in 2.81 ms, found 3 plugins.
Preloading 0 native plugins for Editor in 0.00 ms.
Unloading 3536 Unused Serialized files (Serialized files now loaded: 0)
Unloading 28 unused Assets / (1.3 MB). Loaded Objects now: 4110.
Memory consumption went from 148.8 MB to 147.5 MB.
Total: 3.090900 ms (FindLiveObjects: 0.369900 ms CreateObjectMapping: 0.241200 ms MarkObjects: 2.177300 ms  DeleteObjects: 0.301500 ms)

AssetImportParameters requested are different than current active one (requested -> active):
  custom:video-decoder-ogg-theora: a1e56fd34408186e4bbccfd4996cb3dc -> 
  custom:container-muxer-webm: aa71ff27fc2769a1b78a27578f13a17b -> 
  custom:container-demuxer-webm: 4f35f7cbe854078d1ac9338744f61a02 -> 
  custom:video-encoder-webm-vp8: eb34c28f22e8b96e1ab97ce403110664 -> 
  custom:audio-encoder-webm-vorbis: bf7c407c2cedff20999df2af8eb42d56 -> 
  custom:framework-win-MediaFoundation: 216162199b28c13a410421893ffa2e32 -> 
  custom:container-demuxer-ogg: 62fdf1f143b41e24485cea50d1cbac27 -> 
  custom:video-decoder-webm-vp8: 9c59270c3fd7afecdb556c50c9e8de78 -> 
  custom:audio-decoder-ogg-vorbis: bf7c407c2cedff20999df2af8eb42d56 -> 
========================================================================
Received Prepare
Registering precompiled user dll's ...
Registered in 0.006610 seconds.
Begin MonoManager ReloadAssembly
Native extension for WindowsStandalone target not found
Refreshing native plugins compatible for Editor in 0.66 ms, found 3 plugins.
Preloading 0 native plugins for Editor in 0.00 ms.
Mono: successfully reloaded assembly
- Completed reload, in  1.198 seconds
Domain Reload Profiling:
	ReloadAssembly (1199ms)
		BeginReloadAssembly (155ms)
			ExecutionOrderSort (0ms)
			DisableScriptedObjects (5ms)
			BackupInstance (0ms)
			ReleaseScriptingObjects (0ms)
			CreateAndSetChildDomain (42ms)
		EndReloadAssembly (933ms)
			LoadAssemblies (105ms)
			RebuildTransferFunctionScriptingTraits (0ms)
			SetupTypeCache (273ms)
			ReleaseScriptCaches (1ms)
			RebuildScriptCaches (46ms)
			SetupLoadedEditorAssemblies (456ms)
				LogAssemblyErrors (0ms)
				InitializePlatformSupportModulesInManaged (20ms)
				SetLoadedEditorAssemblies (1ms)
				RefreshPlugins (1ms)
				BeforeProcessingInitializeOnLoad (88ms)
				ProcessInitializeOnLoadAttributes (318ms)
				ProcessInitializeOnLoadMethodAttributes (17ms)
				AfterProcessingInitializeOnLoad (12ms)
				EditorAssembliesLoaded (0ms)
			ExecutionOrderSort2 (0ms)
			AwakeInstancesAfterBackupRestoration (7ms)
Platform modules already initialized, skipping
Failed to load shader (instanceID 516, GUID 14eb328de4b8eb245bb7cea29e4ac00b)
Failed to load shader (instanceID 518, GUID 68e6db2ebdc24f95958faec2be5558d6)
Failed to load shader (instanceID 520, GUID bc1ede39bf3643ee8e493720e4259791)
Failed to load shader (instanceID 510, GUID fe393ace9b354375a9cb14cdbbc28be4)
Failed to load shader (instanceID 512, GUID cf81c85f95fe47e1a27f6ae460cf182c)
Failed to load shader (instanceID 534, GUID f7ada0af4f174f0694ca6a487b8f543d)
Failed to load shader (instanceID 526, GUID 128e987d567d4e2c824d754223b3f3b0)
Failed to load shader (instanceID 532, GUID c8d12adcee749c344b8117cf7c7eb912)
Failed to load shader (instanceID 514, GUID dd89cf5b9246416f84610a006f916af7)
Failed to load shader (instanceID 522, GUID 48bb5f55d8670e349b6e614913f9d910)
Failed to load shader (instanceID 524, GUID 85187c2149c549c5b33f0cdb02836b17)
Failed to load shader (instanceID 530, GUID a02a7d8c237544f1962732b55a9aebf1)
Failed to load shader (instanceID 528, GUID 1e3b057af24249748ff873be7fafee47)
Refreshing native plugins compatible for Editor in 2.05 ms, found 3 plugins.
Preloading 0 native plugins for Editor in 0.00 ms.
Unloading 3539 Unused Serialized files (Serialized files now loaded: 0)
Unloading 30 unused Assets / (1.7 MB). Loaded Objects now: 4114.
Memory consumption went from 149.5 MB to 147.8 MB.
Total: 3.456800 ms (FindLiveObjects: 0.310600 ms CreateObjectMapping: 0.208800 ms MarkObjects: 2.434700 ms  DeleteObjects: 0.501500 ms)

AssetImportParameters requested are different than current active one (requested -> active):
  custom:video-decoder-ogg-theora: a1e56fd34408186e4bbccfd4996cb3dc -> 
  custom:container-muxer-webm: aa71ff27fc2769a1b78a27578f13a17b -> 
  custom:container-demuxer-webm: 4f35f7cbe854078d1ac9338744f61a02 -> 
  custom:video-encoder-webm-vp8: eb34c28f22e8b96e1ab97ce403110664 -> 
  custom:audio-encoder-webm-vorbis: bf7c407c2cedff20999df2af8eb42d56 -> 
  custom:framework-win-MediaFoundation: 216162199b28c13a410421893ffa2e32 -> 
  custom:container-demuxer-ogg: 62fdf1f143b41e24485cea50d1cbac27 -> 
  custom:video-decoder-webm-vp8: 9c59270c3fd7afecdb556c50c9e8de78 -> 
  custom:audio-decoder-ogg-vorbis: bf7c407c2cedff20999df2af8eb42d56 -> 
========================================================================
Received Import Request.
  Time since last request: 1436.469560 seconds.
  path: Assets/Zololgo
  artifactKey: Guid(69740a00bbd392f4c9a9c3b1d99d5ae1) Importer(815301076,1909f56bfc062723c751e8b465ee728b)
Start importing Assets/Zololgo using Guid(69740a00bbd392f4c9a9c3b1d99d5ae1) Importer(815301076,1909f56bfc062723c751e8b465ee728b)  -> (artifact id: 'b9f84ef4606d9d6377b789ff7290c2d2') in 0.012349 seconds 
========================================================================
Received Import Request.
  Time since last request: 1.085626 seconds.
  path: Assets/Zololgo/OrbitZoomPanCamera
  artifactKey: Guid(36808a11202aa6948b0b698c4ffe64f5) Importer(815301076,1909f56bfc062723c751e8b465ee728b)
Start importing Assets/Zololgo/OrbitZoomPanCamera using Guid(36808a11202aa6948b0b698c4ffe64f5) Importer(815301076,1909f56bfc062723c751e8b465ee728b)  -> (artifact id: '9d78e2f701308a9e3c1f488783c14636') in 0.010503 seconds 
========================================================================
Received Import Request.
  Time since last request: 0.185964 seconds.
  path: Assets/Zololgo/OrbitZoomPanCamera/OrbitZoomPanCamera.prefab
  artifactKey: Guid(1b37c56e651da7148a6195b43ee105fe) Importer(815301076,1909f56bfc062723c751e8b465ee728b)
Start importing Assets/Zololgo/OrbitZoomPanCamera/OrbitZoomPanCamera.prefab using Guid(1b37c56e651da7148a6195b43ee105fe) Importer(815301076,1909f56bfc062723c751e8b465ee728b)  -> (artifact id: '464bdd125f2890baafb5272d2c3f0ea4') in 0.027634 seconds 
========================================================================
Received Import Request.
  Time since last request: 0.637001 seconds.
  path: Assets/Zololgo/OrbitZoomPanCamera/Scripts
  artifactKey: Guid(3069c331de63e48458ae922a8cc2ade4) Importer(815301076,1909f56bfc062723c751e8b465ee728b)
Start importing Assets/Zololgo/OrbitZoomPanCamera/Scripts using Guid(3069c331de63e48458ae922a8cc2ade4) Importer(815301076,1909f56bfc062723c751e8b465ee728b)  -> (artifact id: '317aad02f7a153ea1fc9ec779816bee2') in 0.011507 seconds 
========================================================================
Received Import Request.
  Time since last request: 2.877429 seconds.
  path: Assets/Zololgo/PaperLands Winter Village
  artifactKey: Guid(9aafb8bdea8856e43ae7ae83025f30a8) Importer(815301076,1909f56bfc062723c751e8b465ee728b)
Start importing Assets/Zololgo/PaperLands Winter Village using Guid(9aafb8bdea8856e43ae7ae83025f30a8) Importer(815301076,1909f56bfc062723c751e8b465ee728b)  -> (artifact id: '98b8840adc687e2d8aee0a5f3dc350f3') in 0.009676 seconds 
========================================================================
Received Import Request.
  Time since last request: 0.898472 seconds.
  path: Assets/Zololgo/PaperLands Winter Village/Materials
  artifactKey: Guid(5dc3accd820347d419c6fea67cb3c3e2) Importer(815301076,1909f56bfc062723c751e8b465ee728b)
Start importing Assets/Zololgo/PaperLands Winter Village/Materials using Guid(5dc3accd820347d419c6fea67cb3c3e2) Importer(815301076,1909f56bfc062723c751e8b465ee728b)  -> (artifact id: '3c9c14e58d574733f6cb5db24f83d76d') in 0.008301 seconds 
========================================================================
Received Import Request.
  Time since last request: 0.034140 seconds.
  path: Assets/Zololgo/PaperLands Winter Village/Materials/chimney_smoke.mat
  artifactKey: Guid(79efea2b0de32654caea54bbf811201a) Importer(815301076,1909f56bfc062723c751e8b465ee728b)
Start importing Assets/Zololgo/PaperLands Winter Village/Materials/chimney_smoke.mat using Guid(79efea2b0de32654caea54bbf811201a) Importer(815301076,1909f56bfc062723c751e8b465ee728b)  -> (artifact id: 'f6d4fbf03de85edb7d1724a7a81bf9c6') in 0.076568 seconds 
========================================================================
Received Import Request.
  Time since last request: 0.000022 seconds.
  path: Assets/Zololgo/PaperLands Winter Village/Materials/sky-night.mat
  artifactKey: Guid(502cdeb90ed0c884a94fa20d171b1c46) Importer(815301076,1909f56bfc062723c751e8b465ee728b)
Start importing Assets/Zololgo/PaperLands Winter Village/Materials/sky-night.mat using Guid(502cdeb90ed0c884a94fa20d171b1c46) Importer(815301076,1909f56bfc062723c751e8b465ee728b)  -> (artifact id: 'b621bc6238e3e359e8d2ddfdc722ed8a') in 0.044850 seconds 
========================================================================
Received Import Request.
  Time since last request: 0.000022 seconds.
  path: Assets/Zololgo/PaperLands Winter Village/Materials/sky.mat
  artifactKey: Guid(b6d77b04825b0d747b812d5f8d1f6cb8) Importer(815301076,1909f56bfc062723c751e8b465ee728b)
Start importing Assets/Zololgo/PaperLands Winter Village/Materials/sky.mat using Guid(b6d77b04825b0d747b812d5f8d1f6cb8) Importer(815301076,1909f56bfc062723c751e8b465ee728b)  -> (artifact id: '159bbfc03df0533fcc7852e8bb7fefc7') in 0.018311 seconds 
========================================================================
Received Import Request.
  Time since last request: 0.000023 seconds.
  path: Assets/Zololgo/PaperLands Winter Village/Materials/stars.mat
  artifactKey: Guid(6763b2e70e7866d41b8fd00dc87441a6) Importer(815301076,1909f56bfc062723c751e8b465ee728b)
Start importing Assets/Zololgo/PaperLands Winter Village/Materials/stars.mat using Guid(6763b2e70e7866d41b8fd00dc87441a6) Importer(815301076,1909f56bfc062723c751e8b465ee728b)  -> (artifact id: '9c12764034e90801ef4398b1954ffd3d') in 0.040248 seconds 
========================================================================
Received Import Request.
  Time since last request: 2.189934 seconds.
  path: Assets/Zololgo/PaperLands Winter Village/Models
  artifactKey: Guid(bf6156af3a0f99248b9adeaf2ca8ad85) Importer(815301076,1909f56bfc062723c751e8b465ee728b)
Start importing Assets/Zololgo/PaperLands Winter Village/Models using Guid(bf6156af3a0f99248b9adeaf2ca8ad85) Importer(815301076,1909f56bfc062723c751e8b465ee728b)  -> (artifact id: 'f48e8e6e06ea5f0b7080346f89d37909') in 0.010365 seconds 
========================================================================
Received Import Request.
  Time since last request: 0.052427 seconds.
  path: Assets/Zololgo/PaperLands Winter Village/Models/church.dae
  artifactKey: Guid(5b9b823905acc424ead396d4d40c4c6b) Importer(815301076,1909f56bfc062723c751e8b465ee728b)
Start importing Assets/Zololgo/PaperLands Winter Village/Models/church.dae using Guid(5b9b823905acc424ead396d4d40c4c6b) Importer(815301076,1909f56bfc062723c751e8b465ee728b)  -> (artifact id: 'fb0a75194aaaa50f26acf11c1f6b1c3e') in 0.167291 seconds 
========================================================================
Received Import Request.
  Time since last request: 0.000021 seconds.
  path: Assets/Zololgo/PaperLands Winter Village/Models/house_simple_02.dae
  artifactKey: Guid(1822cc5917e01ca4d84477b1489c774a) Importer(815301076,1909f56bfc062723c751e8b465ee728b)
Start importing Assets/Zololgo/PaperLands Winter Village/Models/house_simple_02.dae using Guid(1822cc5917e01ca4d84477b1489c774a) Importer(815301076,1909f56bfc062723c751e8b465ee728b)  -> (artifact id: '69ba5f07d42d0ec40ce18fc10e78d911') in 0.031275 seconds 
========================================================================
Received Import Request.
  Time since last request: 0.000035 seconds.
  path: Assets/Zololgo/PaperLands Winter Village/Models/rock_small_01.dae
  artifactKey: Guid(d5856ce13fb4a2746a39e12d6a63bb15) Importer(815301076,1909f56bfc062723c751e8b465ee728b)
Start importing Assets/Zololgo/PaperLands Winter Village/Models/rock_small_01.dae using Guid(d5856ce13fb4a2746a39e12d6a63bb15) Importer(815301076,1909f56bfc062723c751e8b465ee728b)  -> (artifact id: 'a904c4f4627b1792ffd9f74d92f20f06') in 0.024907 seconds 
========================================================================
Received Import Request.
  Time since last request: 0.000022 seconds.
  path: Assets/Zololgo/PaperLands Winter Village/Models/ground_01.dae
  artifactKey: Guid(b53b351f2ca4151439052260103be5d6) Importer(815301076,1909f56bfc062723c751e8b465ee728b)
Start importing Assets/Zololgo/PaperLands Winter Village/Models/ground_01.dae using Guid(b53b351f2ca4151439052260103be5d6) Importer(815301076,1909f56bfc062723c751e8b465ee728b)  -> (artifact id: '63ced77a436fdd08228ea1cb3ec2ae6f') in 0.027644 seconds 
========================================================================
Received Import Request.
  Time since last request: 0.000027 seconds.
  path: Assets/Zololgo/PaperLands Winter Village/Models/road_snowy_01.dae
  artifactKey: Guid(c0d88e7c2988f2f4b872f230118655f1) Importer(815301076,1909f56bfc062723c751e8b465ee728b)
Start importing Assets/Zololgo/PaperLands Winter Village/Models/road_snowy_01.dae using Guid(c0d88e7c2988f2f4b872f230118655f1) Importer(815301076,1909f56bfc062723c751e8b465ee728b)  -> (artifact id: '128357501fa15e5fc2eb50c278272b9e') in 0.024591 seconds 
========================================================================
Received Import Request.
  Time since last request: 0.000017 seconds.
  path: Assets/Zololgo/PaperLands Winter Village/Models/pine_tall_decorated_01.dae
  artifactKey: Guid(35ccfa658b0a3b347a2ea1007413b1e3) Importer(815301076,1909f56bfc062723c751e8b465ee728b)
Start importing Assets/Zololgo/PaperLands Winter Village/Models/pine_tall_decorated_01.dae using Guid(35ccfa658b0a3b347a2ea1007413b1e3) Importer(815301076,1909f56bfc062723c751e8b465ee728b)  -> (artifact id: '77370e7ce94701d7b54e5d6b08b5a4bc') in 0.040746 seconds 
========================================================================
Received Import Request.
  Time since last request: 0.000021 seconds.
  path: Assets/Zololgo/PaperLands Winter Village/Models/firewoods_01.dae
  artifactKey: Guid(72e7e1d92e0ea894580188b70e90879c) Importer(815301076,1909f56bfc062723c751e8b465ee728b)
Start importing Assets/Zololgo/PaperLands Winter Village/Models/firewoods_01.dae using Guid(72e7e1d92e0ea894580188b70e90879c) Importer(815301076,1909f56bfc062723c751e8b465ee728b)  -> (artifact id: 'a3664d78c40948724cad519264b52304') in 0.023233 seconds 
========================================================================
Received Import Request.
  Time since last request: 0.000036 seconds.
  path: Assets/Zololgo/PaperLands Winter Village/Models/fence_snowy_01.dae
  artifactKey: Guid(95c8990e4071d1f4ba17b9895d9383c5) Importer(815301076,1909f56bfc062723c751e8b465ee728b)
Start importing Assets/Zololgo/PaperLands Winter Village/Models/fence_snowy_01.dae using Guid(95c8990e4071d1f4ba17b9895d9383c5) Importer(815301076,1909f56bfc062723c751e8b465ee728b)  -> (artifact id: '989ea5a2d88d8eb61792e4bc7d8e1d89') in 0.025054 seconds 
========================================================================
Received Import Request.
  Time since last request: 0.000032 seconds.
  path: Assets/Zololgo/PaperLands Winter Village/Models/snowman_01.dae
  artifactKey: Guid(67c0d4b701d2dfc4db4eb1f571616966) Importer(815301076,1909f56bfc062723c751e8b465ee728b)
Start importing Assets/Zololgo/PaperLands Winter Village/Models/snowman_01.dae using Guid(67c0d4b701d2dfc4db4eb1f571616966) Importer(815301076,1909f56bfc062723c751e8b465ee728b)  -> (artifact id: '18a5b0a34733bd391ffcb76f939a5971') in 0.028500 seconds 
========================================================================
Received Import Request.
  Time since last request: 0.000027 seconds.
  path: Assets/Zololgo/PaperLands Winter Village/Models/cliff_02.dae
  artifactKey: Guid(94ce25a6df8d1084ebc3309332d68464) Importer(815301076,1909f56bfc062723c751e8b465ee728b)
Start importing Assets/Zololgo/PaperLands Winter Village/Models/cliff_02.dae using Guid(94ce25a6df8d1084ebc3309332d68464) Importer(815301076,1909f56bfc062723c751e8b465ee728b)  -> (artifact id: 'cf2b8a18703e7984e3f5571406644119') in 0.025122 seconds 
========================================================================
Received Import Request.
  Time since last request: 0.000031 seconds.
  path: Assets/Zololgo/PaperLands Winter Village/Models/rock_group_04.dae
  artifactKey: Guid(deee736acd2c98d46b071aef52635fc8) Importer(815301076,1909f56bfc062723c751e8b465ee728b)
Start importing Assets/Zololgo/PaperLands Winter Village/Models/rock_group_04.dae using Guid(deee736acd2c98d46b071aef52635fc8) Importer(815301076,1909f56bfc062723c751e8b465ee728b)  -> (artifact id: 'a0660798b93c99646adbc144e6fba398') in 0.023888 seconds 
========================================================================
Received Import Request.
  Time since last request: 0.000020 seconds.
  path: Assets/Zololgo/PaperLands Winter Village/Models/pine_small_snowy_01.dae
  artifactKey: Guid(5ac02dd5ec694f449879b22c9d392202) Importer(815301076,1909f56bfc062723c751e8b465ee728b)
Start importing Assets/Zololgo/PaperLands Winter Village/Models/pine_small_snowy_01.dae using Guid(5ac02dd5ec694f449879b22c9d392202) Importer(815301076,1909f56bfc062723c751e8b465ee728b)  -> (artifact id: 'ae165657a2c867c93231fb7faa5a0dc0') in 0.026142 seconds 
========================================================================
Received Import Request.
  Time since last request: 0.000019 seconds.
  path: Assets/Zololgo/PaperLands Winter Village/Models/house_simple_03.dae
  artifactKey: Guid(e0cb36c9d06361c46877aec0187ada0c) Importer(815301076,1909f56bfc062723c751e8b465ee728b)
Start importing Assets/Zololgo/PaperLands Winter Village/Models/house_simple_03.dae using Guid(e0cb36c9d06361c46877aec0187ada0c) Importer(815301076,1909f56bfc062723c751e8b465ee728b)  -> (artifact id: '491e15a3ca27f5aacddc6b2330dfd2d6') in 0.028634 seconds 
========================================================================
Received Import Request.
  Time since last request: 0.000020 seconds.
  path: Assets/Zololgo/PaperLands Winter Village/Models/house_long_01.dae
  artifactKey: Guid(fa47e779f2065a14caf8d28385e3edef) Importer(815301076,1909f56bfc062723c751e8b465ee728b)
Start importing Assets/Zololgo/PaperLands Winter Village/Models/house_long_01.dae using Guid(fa47e779f2065a14caf8d28385e3edef) Importer(815301076,1909f56bfc062723c751e8b465ee728b)  -> (artifact id: 'f8c8b4a9d9aca979457c70c3c09cf2a5') in 0.027501 seconds 
========================================================================
Received Import Request.
  Time since last request: 0.000044 seconds.
  path: Assets/Zololgo/PaperLands Winter Village/Models/house_long_02.dae
  artifactKey: Guid(18e6a3c59bb1ebe43987e57bf5fe15ae) Importer(815301076,1909f56bfc062723c751e8b465ee728b)
Start importing Assets/Zololgo/PaperLands Winter Village/Models/house_long_02.dae using Guid(18e6a3c59bb1ebe43987e57bf5fe15ae) Importer(815301076,1909f56bfc062723c751e8b465ee728b)  -> (artifact id: '0b1a7b8770f8d087e21007694a3de469') in 0.027574 seconds 
========================================================================
Received Import Request.
  Time since last request: 0.000026 seconds.
  path: Assets/Zololgo/PaperLands Winter Village/Models/cliff_03.dae
  artifactKey: Guid(5fe26b933e0481341bda9dc2a7e77ae3) Importer(815301076,1909f56bfc062723c751e8b465ee728b)
Start importing Assets/Zololgo/PaperLands Winter Village/Models/cliff_03.dae using Guid(5fe26b933e0481341bda9dc2a7e77ae3) Importer(815301076,1909f56bfc062723c751e8b465ee728b)  -> (artifact id: '70fd421bd43c73148c1e3ac620a22826') in 0.021751 seconds 
========================================================================
Received Import Request.
  Time since last request: 0.000021 seconds.
  path: Assets/Zololgo/PaperLands Winter Village/Models/cliff_group_01.dae
  artifactKey: Guid(edc5c4e8d7c1e9e4d9f5bbbb622659f4) Importer(815301076,1909f56bfc062723c751e8b465ee728b)
Start importing Assets/Zololgo/PaperLands Winter Village/Models/cliff_group_01.dae using Guid(edc5c4e8d7c1e9e4d9f5bbbb622659f4) Importer(815301076,1909f56bfc062723c751e8b465ee728b)  -> (artifact id: 'a9984c1b7fe9f0bba79f612392a9e6be') in 0.022971 seconds 
========================================================================
Received Import Request.
  Time since last request: 0.000025 seconds.
  path: Assets/Zololgo/PaperLands Winter Village/Models/house_simple_04.dae
  artifactKey: Guid(994254d7968039547bceffa12d2880c1) Importer(815301076,1909f56bfc062723c751e8b465ee728b)
Start importing Assets/Zololgo/PaperLands Winter Village/Models/house_simple_04.dae using Guid(994254d7968039547bceffa12d2880c1) Importer(815301076,1909f56bfc062723c751e8b465ee728b)  -> (artifact id: '03782cba190d2d009607cf2b9735bc12') in 0.028436 seconds 
========================================================================
Received Import Request.
  Time since last request: 0.000024 seconds.
  path: Assets/Zololgo/PaperLands Winter Village/Models/pine_tall_01.dae
  artifactKey: Guid(e11cdb81911d39d4db86682653fc2912) Importer(815301076,1909f56bfc062723c751e8b465ee728b)
Start importing Assets/Zololgo/PaperLands Winter Village/Models/pine_tall_01.dae using Guid(e11cdb81911d39d4db86682653fc2912) Importer(815301076,1909f56bfc062723c751e8b465ee728b)  -> (artifact id: '1c6ec4d73b0d6157269719f74cfe373f') in 0.023230 seconds 
========================================================================
Received Import Request.
  Time since last request: 0.000024 seconds.
  path: Assets/Zololgo/PaperLands Winter Village/Models/stars.dae
  artifactKey: Guid(e90652065ff84fc4a80bdea91c76719f) Importer(815301076,1909f56bfc062723c751e8b465ee728b)
Start importing Assets/Zololgo/PaperLands Winter Village/Models/stars.dae using Guid(e90652065ff84fc4a80bdea91c76719f) Importer(815301076,1909f56bfc062723c751e8b465ee728b)  -> (artifact id: 'c6492f6a1bdda47651db28c7c21453ef') in 0.023114 seconds 
========================================================================
Received Import Request.
  Time since last request: 0.000017 seconds.
  path: Assets/Zololgo/PaperLands Winter Village/Models/rock_group_01.dae
  artifactKey: Guid(ccfbed35c83731a4c88828831eedc3f8) Importer(815301076,1909f56bfc062723c751e8b465ee728b)
Start importing Assets/Zololgo/PaperLands Winter Village/Models/rock_group_01.dae using Guid(ccfbed35c83731a4c88828831eedc3f8) Importer(815301076,1909f56bfc062723c751e8b465ee728b)  -> (artifact id: '504cecb28ac4f16db126c0554a8b00e9') in 0.024766 seconds 
========================================================================
Received Import Request.
  Time since last request: 0.000022 seconds.
  path: Assets/Zololgo/PaperLands Winter Village/Models/rock_group_small_03.dae
  artifactKey: Guid(c4cb5de65d58f514a8bc92aec9db558d) Importer(815301076,1909f56bfc062723c751e8b465ee728b)
Start importing Assets/Zololgo/PaperLands Winter Village/Models/rock_group_small_03.dae using Guid(c4cb5de65d58f514a8bc92aec9db558d) Importer(815301076,1909f56bfc062723c751e8b465ee728b)  -> (artifact id: '5e2a0c376ee92af56f012c4c38f8d2eb') in 0.021596 seconds 
========================================================================
Received Import Request.
  Time since last request: 0.000024 seconds.
  path: Assets/Zololgo/PaperLands Winter Village/Models/clifftop_01.dae
  artifactKey: Guid(0f7b59dd8e7b2a84fa9e62451ecf7197) Importer(815301076,1909f56bfc062723c751e8b465ee728b)
Start importing Assets/Zololgo/PaperLands Winter Village/Models/clifftop_01.dae using Guid(0f7b59dd8e7b2a84fa9e62451ecf7197) Importer(815301076,1909f56bfc062723c751e8b465ee728b)  -> (artifact id: 'ecd9673bcea7335d3307dda6a01645ff') in 0.023823 seconds 
========================================================================
Received Import Request.
  Time since last request: 0.000022 seconds.
  path: Assets/Zololgo/PaperLands Winter Village/Models/pine_medium_snowy_01.dae
  artifactKey: Guid(164dbf1daddbf004faa630958438df37) Importer(815301076,1909f56bfc062723c751e8b465ee728b)
Start importing Assets/Zololgo/PaperLands Winter Village/Models/pine_medium_snowy_01.dae using Guid(164dbf1daddbf004faa630958438df37) Importer(815301076,1909f56bfc062723c751e8b465ee728b)  -> (artifact id: '606cbd10dcdaac25b0b9d01415b68b73') in 0.024246 seconds 
========================================================================
Received Import Request.
  Time since last request: 0.000024 seconds.
  path: Assets/Zololgo/PaperLands Winter Village/Models/rock_group_small_02.dae
  artifactKey: Guid(81000be8b9a908743947c32092241c95) Importer(815301076,1909f56bfc062723c751e8b465ee728b)
Start importing Assets/Zololgo/PaperLands Winter Village/Models/rock_group_small_02.dae using Guid(81000be8b9a908743947c32092241c95) Importer(815301076,1909f56bfc062723c751e8b465ee728b)  -> (artifact id: '83b5767ca22b55bec03f2ba51a36f45f') in 0.021549 seconds 
========================================================================
Received Import Request.
  Time since last request: 0.000036 seconds.
  path: Assets/Zololgo/PaperLands Winter Village/Models/fence_snowy_03.dae
  artifactKey: Guid(aca373021175c234f80755b83f225c50) Importer(815301076,1909f56bfc062723c751e8b465ee728b)
Start importing Assets/Zololgo/PaperLands Winter Village/Models/fence_snowy_03.dae using Guid(aca373021175c234f80755b83f225c50) Importer(815301076,1909f56bfc062723c751e8b465ee728b)  -> (artifact id: 'ac2dd24f08f15fe1c24a5163302ed85d') in 0.023278 seconds 
========================================================================
Received Import Request.
  Time since last request: 0.000018 seconds.
  path: Assets/Zololgo/PaperLands Winter Village/Models/pine_small_01.dae
  artifactKey: Guid(bff512fde6c8ae64ca2ff9be5c524459) Importer(815301076,1909f56bfc062723c751e8b465ee728b)
Start importing Assets/Zololgo/PaperLands Winter Village/Models/pine_small_01.dae using Guid(bff512fde6c8ae64ca2ff9be5c524459) Importer(815301076,1909f56bfc062723c751e8b465ee728b)  -> (artifact id: 'c4fbcda7601393f864542ef67bfc1c7e') in 0.023183 seconds 
========================================================================
Received Import Request.
  Time since last request: 0.000018 seconds.
  path: Assets/Zololgo/PaperLands Winter Village/Models/pine_tall_snowy_01.dae
  artifactKey: Guid(86dc0687e554bc74dac42727eee9e33a) Importer(815301076,1909f56bfc062723c751e8b465ee728b)
Start importing Assets/Zololgo/PaperLands Winter Village/Models/pine_tall_snowy_01.dae using Guid(86dc0687e554bc74dac42727eee9e33a) Importer(815301076,1909f56bfc062723c751e8b465ee728b)  -> (artifact id: 'b5b8cc29caf499c3746b04c2f6f5c7c6') in 0.025243 seconds 
========================================================================
Received Import Request.
  Time since last request: 0.000021 seconds.
  path: Assets/Zololgo/PaperLands Winter Village/Models/rock_group_03.dae
  artifactKey: Guid(9f6ce3f0e6c86074eb1e56f0310f795d) Importer(815301076,1909f56bfc062723c751e8b465ee728b)
Start importing Assets/Zololgo/PaperLands Winter Village/Models/rock_group_03.dae using Guid(9f6ce3f0e6c86074eb1e56f0310f795d) Importer(815301076,1909f56bfc062723c751e8b465ee728b)  -> (artifact id: 'ee2d74c8d9b4ee1c285d823532c92771') in 0.023035 seconds 
========================================================================
Received Import Request.
  Time since last request: 0.000017 seconds.
  path: Assets/Zololgo/PaperLands Winter Village/Models/snow_pile_01.dae
  artifactKey: Guid(2b9c370f9498dbb48bcf1b1110703f26) Importer(815301076,1909f56bfc062723c751e8b465ee728b)
Start importing Assets/Zololgo/PaperLands Winter Village/Models/snow_pile_01.dae using Guid(2b9c370f9498dbb48bcf1b1110703f26) Importer(815301076,1909f56bfc062723c751e8b465ee728b)  -> (artifact id: 'a3ac438bfaf637d0593f3c32ab21924c') in 0.023085 seconds 
========================================================================
Received Import Request.
  Time since last request: 0.000020 seconds.
  path: Assets/Zololgo/PaperLands Winter Village/Models/rock_group_02.dae
  artifactKey: Guid(2924a7e87ea92614486b3a21d4c2e0fb) Importer(815301076,1909f56bfc062723c751e8b465ee728b)
Start importing Assets/Zololgo/PaperLands Winter Village/Models/rock_group_02.dae using Guid(2924a7e87ea92614486b3a21d4c2e0fb) Importer(815301076,1909f56bfc062723c751e8b465ee728b)  -> (artifact id: '2c48beaa96345934637b29b59caae589') in 0.022246 seconds 
========================================================================
Received Import Request.
  Time since last request: 0.000019 seconds.
  path: Assets/Zololgo/PaperLands Winter Village/Models/streetlamp_02.dae
  artifactKey: Guid(0c9fe424fedd4dd47ad2a24feeab4438) Importer(815301076,1909f56bfc062723c751e8b465ee728b)
Start importing Assets/Zololgo/PaperLands Winter Village/Models/streetlamp_02.dae using Guid(0c9fe424fedd4dd47ad2a24feeab4438) Importer(815301076,1909f56bfc062723c751e8b465ee728b)  -> (artifact id: '69200c6f64b87dc13b800a8230101a74') in 0.023851 seconds 
========================================================================
Received Import Request.
  Time since last request: 0.000018 seconds.
  path: Assets/Zololgo/PaperLands Winter Village/Models/house_simple_01.dae
  artifactKey: Guid(f0fed25c9e9e34c478a5c35a79c26d14) Importer(815301076,1909f56bfc062723c751e8b465ee728b)
Start importing Assets/Zololgo/PaperLands Winter Village/Models/house_simple_01.dae using Guid(f0fed25c9e9e34c478a5c35a79c26d14) Importer(815301076,1909f56bfc062723c751e8b465ee728b)  -> (artifact id: '4b28e9f8ee3b2665717e82528a9c8990') in 0.028369 seconds 
========================================================================
Received Import Request.
  Time since last request: 0.000024 seconds.
  path: Assets/Zololgo/PaperLands Winter Village/Models/rock_group_small_01.dae
  artifactKey: Guid(62a16b7fded7ec0418b5b10108a545f2) Importer(815301076,1909f56bfc062723c751e8b465ee728b)
Start importing Assets/Zololgo/PaperLands Winter Village/Models/rock_group_small_01.dae using Guid(62a16b7fded7ec0418b5b10108a545f2) Importer(815301076,1909f56bfc062723c751e8b465ee728b)  -> (artifact id: '98a1dff70a84ca562322da77656857f8') in 0.022721 seconds 
========================================================================
Received Import Request.
  Time since last request: 0.000028 seconds.
  path: Assets/Zololgo/PaperLands Winter Village/Models/rock_medium_02.dae
  artifactKey: Guid(4e85afcf981c63044907675f59a9edc5) Importer(815301076,1909f56bfc062723c751e8b465ee728b)
Start importing Assets/Zololgo/PaperLands Winter Village/Models/rock_medium_02.dae using Guid(4e85afcf981c63044907675f59a9edc5) Importer(815301076,1909f56bfc062723c751e8b465ee728b)  -> (artifact id: '2365ca1263c375ee035bf3b38ac7eaba') in 0.023028 seconds 
========================================================================
Received Import Request.
  Time since last request: 0.000035 seconds.
  path: Assets/Zololgo/PaperLands Winter Village/Models/ground_02.dae
  artifactKey: Guid(258809842ec428945a1deec40151c75c) Importer(815301076,1909f56bfc062723c751e8b465ee728b)
Start importing Assets/Zololgo/PaperLands Winter Village/Models/ground_02.dae using Guid(258809842ec428945a1deec40151c75c) Importer(815301076,1909f56bfc062723c751e8b465ee728b)  -> (artifact id: 'd02804d865628745d594933b7a6de38a') in 0.026628 seconds 
========================================================================
Received Import Request.
  Time since last request: 0.000028 seconds.
  path: Assets/Zololgo/PaperLands Winter Village/Models/pine_medium_01.dae
  artifactKey: Guid(39cc0911e071edc41b4a597c8c9cf409) Importer(815301076,1909f56bfc062723c751e8b465ee728b)
Start importing Assets/Zololgo/PaperLands Winter Village/Models/pine_medium_01.dae using Guid(39cc0911e071edc41b4a597c8c9cf409) Importer(815301076,1909f56bfc062723c751e8b465ee728b)  -> (artifact id: '9c272c416b5b6f7c35d0418a4195a6c7') in 0.028584 seconds 
========================================================================
Received Import Request.
  Time since last request: 0.000020 seconds.
  path: Assets/Zololgo/PaperLands Winter Village/Models/rock_medium_01.dae
  artifactKey: Guid(73f69759cfddd5e4fa7c152c15e6300e) Importer(815301076,1909f56bfc062723c751e8b465ee728b)
Start importing Assets/Zololgo/PaperLands Winter Village/Models/rock_medium_01.dae using Guid(73f69759cfddd5e4fa7c152c15e6300e) Importer(815301076,1909f56bfc062723c751e8b465ee728b)  -> (artifact id: 'db9714a498cc31a7a88253bb53127390') in 0.027142 seconds 
========================================================================
Received Import Request.
  Time since last request: 0.000022 seconds.
  path: Assets/Zololgo/PaperLands Winter Village/Models/rock_group_small_04.dae
  artifactKey: Guid(784337d61280dda42adb44b413b8f964) Importer(815301076,1909f56bfc062723c751e8b465ee728b)
Start importing Assets/Zololgo/PaperLands Winter Village/Models/rock_group_small_04.dae using Guid(784337d61280dda42adb44b413b8f964) Importer(815301076,1909f56bfc062723c751e8b465ee728b)  -> (artifact id: '9a62bb0d3d25010f4bc88d96df4e6479') in 0.027195 seconds 
========================================================================
Received Import Request.
  Time since last request: 0.000023 seconds.
  path: Assets/Zololgo/PaperLands Winter Village/Models/streetlamp_01.dae
  artifactKey: Guid(25b0281b4b5170a41a80e9e602dba67f) Importer(815301076,1909f56bfc062723c751e8b465ee728b)
Start importing Assets/Zololgo/PaperLands Winter Village/Models/streetlamp_01.dae using Guid(25b0281b4b5170a41a80e9e602dba67f) Importer(815301076,1909f56bfc062723c751e8b465ee728b)  -> (artifact id: '43c5804470f6e22c014c91f0b7c7e8e7') in 0.030003 seconds 
========================================================================
Received Import Request.
  Time since last request: 0.000023 seconds.
  path: Assets/Zololgo/PaperLands Winter Village/Models/fence_snowy_02.dae
  artifactKey: Guid(c694a0cffa964ea46bd7533e2cda1f11) Importer(815301076,1909f56bfc062723c751e8b465ee728b)
Start importing Assets/Zololgo/PaperLands Winter Village/Models/fence_snowy_02.dae using Guid(c694a0cffa964ea46bd7533e2cda1f11) Importer(815301076,1909f56bfc062723c751e8b465ee728b)  -> (artifact id: '58076389a50dc7b92e094d9b158bfbdf') in 0.033045 seconds 
========================================================================
Received Import Request.
  Time since last request: 0.000035 seconds.
  path: Assets/Zololgo/PaperLands Winter Village/Models/rock_small_02.dae
  artifactKey: Guid(96929ded02e560048a6f32c35e4feaad) Importer(815301076,1909f56bfc062723c751e8b465ee728b)
Start importing Assets/Zololgo/PaperLands Winter Village/Models/rock_small_02.dae using Guid(96929ded02e560048a6f32c35e4feaad) Importer(815301076,1909f56bfc062723c751e8b465ee728b)  -> (artifact id: '75ed463c166cc36d3f8835ea482dc922') in 0.026399 seconds 
========================================================================
Received Import Request.
  Time since last request: 0.000025 seconds.
  path: Assets/Zololgo/PaperLands Winter Village/Models/cliff_01.dae
  artifactKey: Guid(e742657bb3161be4e9d4c83eb8e2108a) Importer(815301076,1909f56bfc062723c751e8b465ee728b)
Start importing Assets/Zololgo/PaperLands Winter Village/Models/cliff_01.dae using Guid(e742657bb3161be4e9d4c83eb8e2108a) Importer(815301076,1909f56bfc062723c751e8b465ee728b)  -> (artifact id: '529c793c8054b2b83e2841a57aee0fa5') in 0.037414 seconds 
========================================================================
Received Import Request.
  Time since last request: 869.492197 seconds.
  path: Assets/Zololgo/PaperLands Winter Village/Textures/sky.png
  artifactKey: Guid(e2c14b06115a9e644a1c9f2ffb1ef81d) Importer(815301076,1909f56bfc062723c751e8b465ee728b)
Start importing Assets/Zololgo/PaperLands Winter Village/Textures/sky.png using Guid(e2c14b06115a9e644a1c9f2ffb1ef81d) Importer(815301076,1909f56bfc062723c751e8b465ee728b)  -> (artifact id: '0d9e17f5b21f1642772f3d14f1949446') in 0.087954 seconds 
========================================================================
Received Import Request.
  Time since last request: 0.355138 seconds.
  path: Assets/Zololgo/PaperLands Winter Village/Textures/starssparse4.png
  artifactKey: Guid(27a6729591b249040a6aa1b9eb8202cb) Importer(815301076,1909f56bfc062723c751e8b465ee728b)
Start importing Assets/Zololgo/PaperLands Winter Village/Textures/starssparse4.png using Guid(27a6729591b249040a6aa1b9eb8202cb) Importer(815301076,1909f56bfc062723c751e8b465ee728b)  -> (artifact id: '50bcdb39246a55f38f2ecc1b300134da') in 0.019152 seconds 
========================================================================
Received Import Request.
  Time since last request: 1.699426 seconds.
  path: Assets/Zololgo/PaperLands Winter Village/Textures/nightsky.png
  artifactKey: Guid(e3c2569f43c6ba54cab4e07c667e341f) Importer(815301076,1909f56bfc062723c751e8b465ee728b)
Start importing Assets/Zololgo/PaperLands Winter Village/Textures/nightsky.png using Guid(e3c2569f43c6ba54cab4e07c667e341f) Importer(815301076,1909f56bfc062723c751e8b465ee728b)  -> (artifact id: '3855fb3d1dfdcd74ddd09703853ffa97') in 0.018370 seconds 
========================================================================
Received Import Request.
  Time since last request: 50.008340 seconds.
  path: Assets/Zololgo/PaperLands Winter Village/Particles
  artifactKey: Guid(10b18f3dfa1fba54ba0e3a87129853e1) Importer(815301076,1909f56bfc062723c751e8b465ee728b)
Start importing Assets/Zololgo/PaperLands Winter Village/Particles using Guid(10b18f3dfa1fba54ba0e3a87129853e1) Importer(815301076,1909f56bfc062723c751e8b465ee728b)  -> (artifact id: '14f9e35447d6c8477cdc171dda95e5d3') in 0.011164 seconds 
========================================================================
Received Prepare
Registering precompiled user dll's ...
Registered in 0.006851 seconds.
Begin MonoManager ReloadAssembly
Native extension for WindowsStandalone target not found
Refreshing native plugins compatible for Editor in 0.72 ms, found 3 plugins.
Preloading 0 native plugins for Editor in 0.00 ms.
Mono: successfully reloaded assembly
- Completed reload, in  1.528 seconds
Domain Reload Profiling:
	ReloadAssembly (1529ms)
		BeginReloadAssembly (217ms)
			ExecutionOrderSort (0ms)
			DisableScriptedObjects (5ms)
			BackupInstance (0ms)
			ReleaseScriptingObjects (0ms)
			CreateAndSetChildDomain (70ms)
		EndReloadAssembly (1157ms)
			LoadAssemblies (139ms)
			RebuildTransferFunctionScriptingTraits (0ms)
			SetupTypeCache (388ms)
			ReleaseScriptCaches (1ms)
			RebuildScriptCaches (63ms)
			SetupLoadedEditorAssemblies (516ms)
				LogAssemblyErrors (0ms)
				InitializePlatformSupportModulesInManaged (18ms)
				SetLoadedEditorAssemblies (1ms)
				RefreshPlugins (1ms)
				BeforeProcessingInitializeOnLoad (99ms)
				ProcessInitializeOnLoadAttributes (354ms)
				ProcessInitializeOnLoadMethodAttributes (26ms)
				AfterProcessingInitializeOnLoad (18ms)
				EditorAssembliesLoaded (0ms)
			ExecutionOrderSort2 (0ms)
			AwakeInstancesAfterBackupRestoration (9ms)
Platform modules already initialized, skipping
Failed to load shader (instanceID 516, GUID 14eb328de4b8eb245bb7cea29e4ac00b)
Failed to load shader (instanceID 518, GUID 68e6db2ebdc24f95958faec2be5558d6)
Failed to load shader (instanceID 520, GUID bc1ede39bf3643ee8e493720e4259791)
Failed to load shader (instanceID 510, GUID fe393ace9b354375a9cb14cdbbc28be4)
Failed to load shader (instanceID 512, GUID cf81c85f95fe47e1a27f6ae460cf182c)
Failed to load shader (instanceID 534, GUID f7ada0af4f174f0694ca6a487b8f543d)
Failed to load shader (instanceID 526, GUID 128e987d567d4e2c824d754223b3f3b0)
Failed to load shader (instanceID 532, GUID c8d12adcee749c344b8117cf7c7eb912)
Failed to load shader (instanceID 514, GUID dd89cf5b9246416f84610a006f916af7)
Failed to load shader (instanceID 522, GUID 48bb5f55d8670e349b6e614913f9d910)
Failed to load shader (instanceID 524, GUID 85187c2149c549c5b33f0cdb02836b17)
Failed to load shader (instanceID 530, GUID a02a7d8c237544f1962732b55a9aebf1)
Failed to load shader (instanceID 528, GUID 1e3b057af24249748ff873be7fafee47)
Refreshing native plugins compatible for Editor in 2.33 ms, found 3 plugins.
Preloading 0 native plugins for Editor in 0.00 ms.
Unloading 3539 Unused Serialized files (Serialized files now loaded: 0)
Unloading 30 unused Assets / (1.5 MB). Loaded Objects now: 4127.
Memory consumption went from 149.9 MB to 148.5 MB.
Total: 4.071200 ms (FindLiveObjects: 0.588800 ms CreateObjectMapping: 0.403800 ms MarkObjects: 2.651100 ms  DeleteObjects: 0.426300 ms)

AssetImportParameters requested are different than current active one (requested -> active):
  custom:video-decoder-ogg-theora: a1e56fd34408186e4bbccfd4996cb3dc -> 
  custom:container-muxer-webm: aa71ff27fc2769a1b78a27578f13a17b -> 
  custom:container-demuxer-webm: 4f35f7cbe854078d1ac9338744f61a02 -> 
  custom:video-encoder-webm-vp8: eb34c28f22e8b96e1ab97ce403110664 -> 
  custom:audio-encoder-webm-vorbis: bf7c407c2cedff20999df2af8eb42d56 -> 
  custom:framework-win-MediaFoundation: 216162199b28c13a410421893ffa2e32 -> 
  custom:container-demuxer-ogg: 62fdf1f143b41e24485cea50d1cbac27 -> 
  custom:video-decoder-webm-vp8: 9c59270c3fd7afecdb556c50c9e8de78 -> 
  custom:audio-decoder-ogg-vorbis: bf7c407c2cedff20999df2af8eb42d56 -> 
========================================================================
Received Prepare
Registering precompiled user dll's ...
Registered in 0.006938 seconds.
Begin MonoManager ReloadAssembly
Native extension for WindowsStandalone target not found
Refreshing native plugins compatible for Editor in 1.33 ms, found 3 plugins.
Preloading 0 native plugins for Editor in 0.00 ms.
Mono: successfully reloaded assembly
- Completed reload, in  1.468 seconds
Domain Reload Profiling:
	ReloadAssembly (1469ms)
		BeginReloadAssembly (150ms)
			ExecutionOrderSort (0ms)
			DisableScriptedObjects (5ms)
			BackupInstance (0ms)
			ReleaseScriptingObjects (0ms)
			CreateAndSetChildDomain (37ms)
		EndReloadAssembly (1174ms)
			LoadAssemblies (112ms)
			RebuildTransferFunctionScriptingTraits (0ms)
			SetupTypeCache (381ms)
			ReleaseScriptCaches (1ms)
			RebuildScriptCaches (61ms)
			SetupLoadedEditorAssemblies (537ms)
				LogAssemblyErrors (0ms)
				InitializePlatformSupportModulesInManaged (22ms)
				SetLoadedEditorAssemblies (1ms)
				RefreshPlugins (1ms)
				BeforeProcessingInitializeOnLoad (111ms)
				ProcessInitializeOnLoadAttributes (362ms)
				ProcessInitializeOnLoadMethodAttributes (25ms)
				AfterProcessingInitializeOnLoad (15ms)
				EditorAssembliesLoaded (0ms)
			ExecutionOrderSort2 (0ms)
			AwakeInstancesAfterBackupRestoration (9ms)
Platform modules already initialized, skipping
Failed to load shader (instanceID 516, GUID 14eb328de4b8eb245bb7cea29e4ac00b)
Failed to load shader (instanceID 518, GUID 68e6db2ebdc24f95958faec2be5558d6)
Failed to load shader (instanceID 520, GUID bc1ede39bf3643ee8e493720e4259791)
Failed to load shader (instanceID 510, GUID fe393ace9b354375a9cb14cdbbc28be4)
Failed to load shader (instanceID 512, GUID cf81c85f95fe47e1a27f6ae460cf182c)
Failed to load shader (instanceID 534, GUID f7ada0af4f174f0694ca6a487b8f543d)
Failed to load shader (instanceID 526, GUID 128e987d567d4e2c824d754223b3f3b0)
Failed to load shader (instanceID 532, GUID c8d12adcee749c344b8117cf7c7eb912)
Failed to load shader (instanceID 514, GUID dd89cf5b9246416f84610a006f916af7)
Failed to load shader (instanceID 522, GUID 48bb5f55d8670e349b6e614913f9d910)
Failed to load shader (instanceID 524, GUID 85187c2149c549c5b33f0cdb02836b17)
Failed to load shader (instanceID 530, GUID a02a7d8c237544f1962732b55a9aebf1)
Failed to load shader (instanceID 528, GUID 1e3b057af24249748ff873be7fafee47)
Refreshing native plugins compatible for Editor in 2.91 ms, found 3 plugins.
Preloading 0 native plugins for Editor in 0.00 ms.
Unloading 3538 Unused Serialized files (Serialized files now loaded: 0)
Unloading 29 unused Assets / (1.5 MB). Loaded Objects now: 4130.
Memory consumption went from 149.8 MB to 148.4 MB.
Total: 4.427600 ms (FindLiveObjects: 0.323200 ms CreateObjectMapping: 0.288800 ms MarkObjects: 3.439300 ms  DeleteObjects: 0.375400 ms)

AssetImportParameters requested are different than current active one (requested -> active):
  custom:video-decoder-ogg-theora: a1e56fd34408186e4bbccfd4996cb3dc -> 
  custom:container-muxer-webm: aa71ff27fc2769a1b78a27578f13a17b -> 
  custom:container-demuxer-webm: 4f35f7cbe854078d1ac9338744f61a02 -> 
  custom:video-encoder-webm-vp8: eb34c28f22e8b96e1ab97ce403110664 -> 
  custom:audio-encoder-webm-vorbis: bf7c407c2cedff20999df2af8eb42d56 -> 
  custom:framework-win-MediaFoundation: 216162199b28c13a410421893ffa2e32 -> 
  custom:container-demuxer-ogg: 62fdf1f143b41e24485cea50d1cbac27 -> 
  custom:video-decoder-webm-vp8: 9c59270c3fd7afecdb556c50c9e8de78 -> 
  custom:audio-decoder-ogg-vorbis: bf7c407c2cedff20999df2af8eb42d56 -> 
========================================================================
Received Prepare
Registering precompiled user dll's ...
Registered in 0.006351 seconds.
Begin MonoManager ReloadAssembly
Native extension for WindowsStandalone target not found
Refreshing native plugins compatible for Editor in 0.73 ms, found 3 plugins.
Preloading 0 native plugins for Editor in 0.00 ms.
Mono: successfully reloaded assembly
- Completed reload, in  1.518 seconds
Domain Reload Profiling:
	ReloadAssembly (1519ms)
		BeginReloadAssembly (151ms)
			ExecutionOrderSort (0ms)
			DisableScriptedObjects (5ms)
			BackupInstance (0ms)
			ReleaseScriptingObjects (0ms)
			CreateAndSetChildDomain (38ms)
		EndReloadAssembly (1215ms)
			LoadAssemblies (125ms)
			RebuildTransferFunctionScriptingTraits (0ms)
			SetupTypeCache (374ms)
			ReleaseScriptCaches (2ms)
			RebuildScriptCaches (63ms)
			SetupLoadedEditorAssemblies (573ms)
				LogAssemblyErrors (0ms)
				InitializePlatformSupportModulesInManaged (20ms)
				SetLoadedEditorAssemblies (1ms)
				RefreshPlugins (1ms)
				BeforeProcessingInitializeOnLoad (106ms)
				ProcessInitializeOnLoadAttributes (400ms)
				ProcessInitializeOnLoadMethodAttributes (27ms)
				AfterProcessingInitializeOnLoad (17ms)
				EditorAssembliesLoaded (0ms)
			ExecutionOrderSort2 (0ms)
			AwakeInstancesAfterBackupRestoration (8ms)
Platform modules already initialized, skipping
Failed to load shader (instanceID 516, GUID 14eb328de4b8eb245bb7cea29e4ac00b)
Failed to load shader (instanceID 518, GUID 68e6db2ebdc24f95958faec2be5558d6)
Failed to load shader (instanceID 520, GUID bc1ede39bf3643ee8e493720e4259791)
Failed to load shader (instanceID 510, GUID fe393ace9b354375a9cb14cdbbc28be4)
Failed to load shader (instanceID 512, GUID cf81c85f95fe47e1a27f6ae460cf182c)
Failed to load shader (instanceID 534, GUID f7ada0af4f174f0694ca6a487b8f543d)
Failed to load shader (instanceID 526, GUID 128e987d567d4e2c824d754223b3f3b0)
Failed to load shader (instanceID 532, GUID c8d12adcee749c344b8117cf7c7eb912)
Failed to load shader (instanceID 514, GUID dd89cf5b9246416f84610a006f916af7)
Failed to load shader (instanceID 522, GUID 48bb5f55d8670e349b6e614913f9d910)
Failed to load shader (instanceID 524, GUID 85187c2149c549c5b33f0cdb02836b17)
Failed to load shader (instanceID 530, GUID a02a7d8c237544f1962732b55a9aebf1)
Failed to load shader (instanceID 528, GUID 1e3b057af24249748ff873be7fafee47)
Refreshing native plugins compatible for Editor in 2.95 ms, found 3 plugins.
Preloading 0 native plugins for Editor in 0.00 ms.
Unloading 3538 Unused Serialized files (Serialized files now loaded: 0)
Unloading 29 unused Assets / (1.5 MB). Loaded Objects now: 4133.
Memory consumption went from 149.9 MB to 148.4 MB.
Total: 4.141700 ms (FindLiveObjects: 0.333000 ms CreateObjectMapping: 0.372400 ms MarkObjects: 2.932900 ms  DeleteObjects: 0.502600 ms)

AssetImportParameters requested are different than current active one (requested -> active):
  custom:video-decoder-ogg-theora: a1e56fd34408186e4bbccfd4996cb3dc -> 
  custom:container-muxer-webm: aa71ff27fc2769a1b78a27578f13a17b -> 
  custom:container-demuxer-webm: 4f35f7cbe854078d1ac9338744f61a02 -> 
  custom:video-encoder-webm-vp8: eb34c28f22e8b96e1ab97ce403110664 -> 
  custom:audio-encoder-webm-vorbis: bf7c407c2cedff20999df2af8eb42d56 -> 
  custom:framework-win-MediaFoundation: 216162199b28c13a410421893ffa2e32 -> 
  custom:container-demuxer-ogg: 62fdf1f143b41e24485cea50d1cbac27 -> 
  custom:video-decoder-webm-vp8: 9c59270c3fd7afecdb556c50c9e8de78 -> 
  custom:audio-decoder-ogg-vorbis: bf7c407c2cedff20999df2af8eb42d56 -> 
========================================================================
Received Prepare
Registering precompiled user dll's ...
Registered in 0.007546 seconds.
Begin MonoManager ReloadAssembly
Native extension for WindowsStandalone target not found
Refreshing native plugins compatible for Editor in 0.94 ms, found 3 plugins.
Preloading 0 native plugins for Editor in 0.00 ms.
Mono: successfully reloaded assembly
- Completed reload, in  1.448 seconds
Domain Reload Profiling:
	ReloadAssembly (1450ms)
		BeginReloadAssembly (154ms)
			ExecutionOrderSort (0ms)
			DisableScriptedObjects (5ms)
			BackupInstance (0ms)
			ReleaseScriptingObjects (0ms)
			CreateAndSetChildDomain (37ms)
		EndReloadAssembly (1158ms)
			LoadAssemblies (114ms)
			RebuildTransferFunctionScriptingTraits (0ms)
			SetupTypeCache (379ms)
			ReleaseScriptCaches (2ms)
			RebuildScriptCaches (61ms)
			SetupLoadedEditorAssemblies (523ms)
				LogAssemblyErrors (0ms)
				InitializePlatformSupportModulesInManaged (17ms)
				SetLoadedEditorAssemblies (1ms)
				RefreshPlugins (1ms)
				BeforeProcessingInitializeOnLoad (100ms)
				ProcessInitializeOnLoadAttributes (366ms)
				ProcessInitializeOnLoadMethodAttributes (23ms)
				AfterProcessingInitializeOnLoad (15ms)
				EditorAssembliesLoaded (0ms)
			ExecutionOrderSort2 (0ms)
			AwakeInstancesAfterBackupRestoration (10ms)
Platform modules already initialized, skipping
Failed to load shader (instanceID 516, GUID 14eb328de4b8eb245bb7cea29e4ac00b)
Failed to load shader (instanceID 518, GUID 68e6db2ebdc24f95958faec2be5558d6)
Failed to load shader (instanceID 520, GUID bc1ede39bf3643ee8e493720e4259791)
Failed to load shader (instanceID 510, GUID fe393ace9b354375a9cb14cdbbc28be4)
Failed to load shader (instanceID 512, GUID cf81c85f95fe47e1a27f6ae460cf182c)
Failed to load shader (instanceID 534, GUID f7ada0af4f174f0694ca6a487b8f543d)
Failed to load shader (instanceID 526, GUID 128e987d567d4e2c824d754223b3f3b0)
Failed to load shader (instanceID 532, GUID c8d12adcee749c344b8117cf7c7eb912)
Failed to load shader (instanceID 514, GUID dd89cf5b9246416f84610a006f916af7)
Failed to load shader (instanceID 522, GUID 48bb5f55d8670e349b6e614913f9d910)
Failed to load shader (instanceID 524, GUID 85187c2149c549c5b33f0cdb02836b17)
Failed to load shader (instanceID 530, GUID a02a7d8c237544f1962732b55a9aebf1)
Failed to load shader (instanceID 528, GUID 1e3b057af24249748ff873be7fafee47)
Refreshing native plugins compatible for Editor in 2.28 ms, found 3 plugins.
Preloading 0 native plugins for Editor in 0.00 ms.
Unloading 3538 Unused Serialized files (Serialized files now loaded: 0)
Unloading 29 unused Assets / (1.5 MB). Loaded Objects now: 4136.
Memory consumption went from 149.9 MB to 148.4 MB.
Total: 9.713400 ms (FindLiveObjects: 1.019900 ms CreateObjectMapping: 2.199200 ms MarkObjects: 5.694900 ms  DeleteObjects: 0.798200 ms)

AssetImportParameters requested are different than current active one (requested -> active):
  custom:video-decoder-ogg-theora: a1e56fd34408186e4bbccfd4996cb3dc -> 
  custom:container-muxer-webm: aa71ff27fc2769a1b78a27578f13a17b -> 
  custom:container-demuxer-webm: 4f35f7cbe854078d1ac9338744f61a02 -> 
  custom:video-encoder-webm-vp8: eb34c28f22e8b96e1ab97ce403110664 -> 
  custom:audio-encoder-webm-vorbis: bf7c407c2cedff20999df2af8eb42d56 -> 
  custom:framework-win-MediaFoundation: 216162199b28c13a410421893ffa2e32 -> 
  custom:container-demuxer-ogg: 62fdf1f143b41e24485cea50d1cbac27 -> 
  custom:video-decoder-webm-vp8: 9c59270c3fd7afecdb556c50c9e8de78 -> 
  custom:audio-decoder-ogg-vorbis: bf7c407c2cedff20999df2af8eb42d56 -> 
========================================================================
Received Import Request.
  Time since last request: 1999.177212 seconds.
  path: Assets/Zololgo/PaperLands Winter Village/Models/house_simple_03.dae
  artifactKey: Guid(e0cb36c9d06361c46877aec0187ada0c) Importer(815301076,1909f56bfc062723c751e8b465ee728b)
Start importing Assets/Zololgo/PaperLands Winter Village/Models/house_simple_03.dae using Guid(e0cb36c9d06361c46877aec0187ada0c) Importer(815301076,1909f56bfc062723c751e8b465ee728b)  -> (artifact id: 'b05680dd1bd2495dc9865e5661ed3302') in 0.104410 seconds 
========================================================================
Received Import Request.
  Time since last request: 0.000023 seconds.
  path: Assets/Zololgo/PaperLands Winter Village/Models/road_snowy_01.dae
  artifactKey: Guid(c0d88e7c2988f2f4b872f230118655f1) Importer(815301076,1909f56bfc062723c751e8b465ee728b)
Start importing Assets/Zololgo/PaperLands Winter Village/Models/road_snowy_01.dae using Guid(c0d88e7c2988f2f4b872f230118655f1) Importer(815301076,1909f56bfc062723c751e8b465ee728b)  -> (artifact id: '3002ecb8929599e4859480319551d17f') in 0.020523 seconds 
========================================================================
Received Import Request.
  Time since last request: 0.000023 seconds.
  path: Assets/Zololgo/PaperLands Winter Village/Models/house_simple_04.dae
  artifactKey: Guid(994254d7968039547bceffa12d2880c1) Importer(815301076,1909f56bfc062723c751e8b465ee728b)
Start importing Assets/Zololgo/PaperLands Winter Village/Models/house_simple_04.dae using Guid(994254d7968039547bceffa12d2880c1) Importer(815301076,1909f56bfc062723c751e8b465ee728b)  -> (artifact id: '8a14e042deb1f7fbd0e452ede9e6dead') in 0.022304 seconds 
========================================================================
Received Import Request.
  Time since last request: 0.000030 seconds.
  path: Assets/Zololgo/PaperLands Winter Village/Models/snow_pile_01.dae
  artifactKey: Guid(2b9c370f9498dbb48bcf1b1110703f26) Importer(815301076,1909f56bfc062723c751e8b465ee728b)
Start importing Assets/Zololgo/PaperLands Winter Village/Models/snow_pile_01.dae using Guid(2b9c370f9498dbb48bcf1b1110703f26) Importer(815301076,1909f56bfc062723c751e8b465ee728b)  -> (artifact id: 'd2549dcb87bccf920642d4e21fb64097') in 0.018632 seconds 
